<?xml version="1.0" encoding="UTF-8"?>
<!-- Generated by org.testng.reporters.JUnitXMLReporter -->
<testsuite ignored="1" hostname="AysunPC" failures="0" tests="3" name="DeleteAccount" time="13.777" errors="0" timestamp="2024-01-25T23:44:23 EET">
  <testcase classname="testcases.tests.LoginUser" name="loginUser" time="3.631"/>
  <testcase classname="testcases.tests.LoginUser" name="loginUser" time="7.898"/>
  <testcase classname="testcases.tests.DeleteAccount" name="deleteAccount" time="2.244"/>
  <testcase classname="testcases.tests.BaseTest" name="@AfterSuite tearDown" time="0.0">
    <ignored/>
  </testcase> <!-- @AfterSuite tearDown -->
</testsuite> <!-- DeleteAccount -->
