<?xml version="1.0" encoding="UTF-8"?>
<!-- Generated by org.testng.reporters.JUnitXMLReporter -->
<testsuite ignored="0" hostname="AysunPC" failures="0" tests="3" name="PlaceOrder" time="49.282" errors="0" timestamp="2024-02-02T23:19:37 EET">
  <testcase classname="testcases.tests.BaseTest" name="checkBrokenLinks" time="4.361"/>
  <testcase classname="testcases.tests.PlaceOrder" name="registerWhileCheckout" time="19.987"/>
  <testcase classname="testcases.tests.PlaceOrder" name="loginWhileCheckout" time="24.93"/>
</testsuite> <!-- PlaceOrder -->
