<?xml version="1.0" encoding="UTF-8"?>
<!-- Generated by org.testng.reporters.JUnitXMLReporter -->
<testsuite ignored="2" hostname="AysunPC" failures="0" tests="3" name="ProductAddCart" time="26.235" errors="0" timestamp="2024-01-25T23:44:09 EET">
  <testcase classname="testcases.tests.ProductList" name="viewProducts" time="7.42"/>
  <testcase classname="testcases.tests.SearchProduct" name="searchProduct" time="8.758"/>
  <testcase classname="testcases.tests.AddProductsInCart" name="addProducts" time="10.049"/>
  <testcase classname="testcases.tests.BaseTest" name="@AfterSuite tearDown" time="0.0">
    <ignored/>
  </testcase> <!-- @AfterSuite tearDown -->
  <testcase classname="testcases.tests.BaseTest" name="@AfterSuite tearDown" time="0.0">
    <ignored/>
  </testcase> <!-- @AfterSuite tearDown -->
</testsuite> <!-- ProductAddCart -->
