<?xml version="1.0" encoding="UTF-8"?>
<!-- Generated by org.testng.reporters.JUnitXMLReporter -->
<testsuite ignored="2" hostname="AysunPC" failures="0" tests="10" name="ProductAddCart" time="66.938" errors="0" timestamp="2024-02-02T23:18:48 EET">
  <testcase classname="testcases.tests.BaseTest" name="checkBrokenLinks" time="3.216"/>
  <testcase classname="testcases.tests.ProductList" name="viewBrandsProducts" time="7.81"/>
  <testcase classname="testcases.tests.ProductList" name="viewCategoryProducts" time="8.35"/>
  <testcase classname="testcases.tests.ProductList" name="viewProducts" time="7.972"/>
  <testcase classname="testcases.tests.BaseTest" name="checkBrokenLinks" time="3.894"/>
  <testcase classname="testcases.tests.SearchProduct" name="searchProduct" time="9.325"/>
  <testcase classname="testcases.tests.BaseTest" name="checkBrokenLinks" time="3.221"/>
  <testcase classname="testcases.tests.ProductsInCart" name="addProducts" time="11.692"/>
  <testcase classname="testcases.tests.ProductsInCart" name="addRecommendedProductsInCart" time="9.735"/>
  <testcase classname="testcases.tests.ProductsInCart" name="removeProductsInCart" time="1.709"/>
  <testcase classname="testcases.tests.BaseTest" name="@AfterSuite tearDown" time="0.0">
    <ignored/>
  </testcase> <!-- @AfterSuite tearDown -->
  <testcase classname="testcases.tests.BaseTest" name="@AfterSuite tearDown" time="0.0">
    <ignored/>
  </testcase> <!-- @AfterSuite tearDown -->
</testsuite> <!-- ProductAddCart -->
