<?xml version="1.0" encoding="UTF-8"?>
<!-- Generated by org.testng.reporters.JUnitXMLReporter -->
<testsuite ignored="2" hostname="AysunPC" failures="0" tests="5" name="Register" time="20.958" errors="0" timestamp="2024-01-25T23:43:43 EET">
  <testcase classname="testcases.tests.RegisterUser" name="visibleVerify" time="2.701"/>
  <testcase classname="testcases.tests.RegisterUser" name="signUp" time="8.843"/>
  <testcase classname="testcases.tests.LoginUser" name="loginUser" time="3.753"/>
  <testcase classname="testcases.tests.LoginUser" name="loginUser" time="5.125"/>
  <testcase classname="testcases.tests.Logout" name="logout" time="0.488"/>
  <testcase classname="testcases.tests.BaseTest" name="@AfterSuite tearDown" time="0.0">
    <ignored/>
  </testcase> <!-- @AfterSuite tearDown -->
  <testcase classname="testcases.tests.BaseTest" name="@AfterSuite tearDown" time="0.0">
    <ignored/>
  </testcase> <!-- @AfterSuite tearDown -->
</testsuite> <!-- Register -->
