<?xml version="1.0" encoding="UTF-8"?>
<!-- Generated by org.testng.reporters.JUnitXMLReporter -->
<testsuite ignored="1" hostname="AysunPC" failures="1" tests="3" name="Test1" time="11.824" errors="0" timestamp="2024-01-17T01:12:02 EET">
  <testcase classname="testcases.tests.RegisterUser" name="visibleVerify" time="2.509"/>
  <testcase classname="testcases.tests.RegisterUser" name="signUp" time="7.858"/>
  <testcase classname="testcases.tests.DeleteAccount" name="deleteAccount" time="1.425">
    <failure type="java.lang.AssertionError" message="account delete isnt seen expected [null] but found [org.openqa.selenium.TimeoutException: Expected condition failed: waiting for visibility of Proxy element for: DefaultElementLocator &amp;apos;By.xpath: //b[normalize-space()=&amp;apos;Account Created!&amp;apos;&amp;apos; (tried for 1 second(s) with 500 milliseconds interval)]">
      <![CDATA[java.lang.AssertionError: account delete isnt seen expected [null] but found [org.openqa.selenium.TimeoutException: Expected condition failed: waiting for visibility of Proxy element for: DefaultElementLocator 'By.xpath: //b[normalize-space()='Account Created!'' (tried for 1 second(s) with 500 milliseconds interval)]
at testcases.components.AbstractComponent.assertVisible(AbstractComponent.java:37)
at testcases.tests.DeleteAccount.deleteAccount(DeleteAccount.java:15)
at java.base/java.util.ArrayList.forEach(ArrayList.java:1511)
... Removed 30 stack frames]]>
    </failure>
  </testcase> <!-- deleteAccount -->
  <testcase classname="testcases.tests.BaseTest" name="@AfterSuite tearDown" time="0.0">
    <ignored/>
  </testcase> <!-- @AfterSuite tearDown -->
</testsuite> <!-- Test1 -->
