<?xml version="1.0" encoding="UTF-8"?>
<!-- Generated by org.testng.reporters.JUnitXMLReporter -->
<testsuite ignored="1" hostname="AysunPC" failures="0" tests="3" name="Test2" time="10.904" errors="0" timestamp="2024-01-25T23:40:51 EET">
  <testcase classname="testcases.tests.LoginUser" name="loginUser" time="3.807"/>
  <testcase classname="testcases.tests.LoginUser" name="loginUser" time="5.411"/>
  <testcase classname="testcases.tests.DeleteAccount" name="deleteAccount" time="1.682"/>
  <testcase classname="testcases.tests.BaseTest" name="@AfterSuite tearDown" time="0.0">
    <ignored/>
  </testcase> <!-- @AfterSuite tearDown -->
</testsuite> <!-- Test2 -->
