<?xml version="1.0" encoding="UTF-8"?>
<!-- Generated by org.testng.reporters.JUnitXMLReporter -->
<testsuite ignored="2" hostname="AysunPC" failures="0" tests="8" name="UsersOperations" time="39.38" errors="0" timestamp="2024-02-02T23:17:36 EET">
  <testcase classname="testcases.tests.RegisterUser" name="visibleVerify" time="8.319"/>
  <testcase classname="testcases.tests.BaseTest" name="checkBrokenLinks" time="5.757"/>
  <testcase classname="testcases.tests.RegisterUser" name="signUp" time="4.911"/>
  <testcase classname="testcases.tests.BaseTest" name="checkBrokenLinks" time="4.57"/>
  <testcase classname="testcases.tests.Logout" name="logout" time="0.499"/>
  <testcase classname="testcases.tests.BaseTest" name="checkBrokenLinks" time="3.32"/>
  <testcase classname="testcases.tests.LoginUser" name="loginUser" time="5.179"/>
  <testcase classname="testcases.tests.LoginUser" name="loginUser" time="6.763"/>
  <testcase classname="testcases.tests.BaseTest" name="@AfterSuite tearDown" time="0.0">
    <ignored/>
  </testcase> <!-- @AfterSuite tearDown -->
  <testcase classname="testcases.tests.BaseTest" name="@AfterSuite tearDown" time="0.0">
    <ignored/>
  </testcase> <!-- @AfterSuite tearDown -->
</testsuite> <!-- UsersOperations -->
