<?xml version="1.0" encoding="UTF-8"?>
<!-- Generated by org.testng.reporters.JUnitXMLReporter -->
<testsuite ignored="0" hostname="AysunPC" failures="0" tests="3" name="Default test" time="52.745" errors="0" timestamp="2024-02-02T22:55:59 EET">
  <testcase classname="testcases.tests.BaseTest" name="checkBrokenLinks" time="7.544"/>
  <testcase classname="testcases.tests.PlaceOrder" name="registerWhileCheckout" time="20.256"/>
  <testcase classname="testcases.tests.PlaceOrder" name="loginWhileCheckout" time="24.896"/>
</testsuite> <!-- Default test -->
