<?xml version="1.0" encoding="UTF-8"?>
<!-- Generated by org.testng.reporters.JUnitXMLReporter -->
<testsuite ignored="0" hostname="AysunPC" failures="1" tests="2" name="Purchase" time="24.19" errors="0" timestamp="2024-01-29T22:25:59 EET">
  <testcase classname="testcases.tests.BaseTest" name="checkBrokenLinks" time="7.39"/>
  <testcase classname="testcases.tests.PlaceOrder" name="RegisterWhileCheckout" time="16.774">
    <failure type="java.lang.AssertionError" message="Singup button isn&amp;apos;t visible expected [null] but found [org.openqa.selenium.TimeoutException: Expected condition failed: waiting for visibility of Proxy element for: DefaultElementLocator &amp;apos;By.xpath: (//div[@class = &amp;apos;login-form&amp;apos;]//b)[1]&amp;apos; (tried for 1 second(s) with 500 milliseconds interval)]">
      <![CDATA[java.lang.AssertionError: Singup button isn't visible expected [null] but found [org.openqa.selenium.TimeoutException: Expected condition failed: waiting for visibility of Proxy element for: DefaultElementLocator 'By.xpath: (//div[@class = 'login-form']//b)[1]' (tried for 1 second(s) with 500 milliseconds interval)]
at testcases.components.AbstractComponent.assertVisible(AbstractComponent.java:92)
at testcases.tests.RegisterUser.signUp(RegisterUser.java:45)
at testcases.tests.PlaceOrder.RegisterWhileCheckout(PlaceOrder.java:31)
at java.base/java.util.ArrayList.forEach(ArrayList.java:1511)
at java.base/java.util.concurrent.FutureTask.run(FutureTask.java:264)
at java.base/java.util.concurrent.ThreadPoolExecutor.runWorker(ThreadPoolExecutor.java:1136)
at java.base/java.util.concurrent.ThreadPoolExecutor$Worker.run(ThreadPoolExecutor.java:635)
at java.base/java.lang.Thread.run(Thread.java:840)
... Removed 21 stack frames]]>
    </failure>
  </testcase> <!-- RegisterWhileCheckout -->
</testsuite> <!-- Purchase -->
