<?xml version="1.0" encoding="UTF-8"?>
<testng-results ignored="4" total="27" passed="23" failed="0" skipped="0">
  <reporter-output>
  </reporter-output>
  <suite started-at="2024-02-02T23:16:56 EET" name="Tests" finished-at="2024-02-02T23:19:37 EET" duration-ms="161072">
    <groups>
    </groups>
    <test started-at="2024-02-02T23:16:56 EET" name="UsersOperations" finished-at="2024-02-02T23:17:35 EET" duration-ms="39380">
      <class name="testcases.tests.RegisterUser">
        <test-method signature="visibleVerify()[pri:0, instance:testcases.tests.RegisterUser@607b2792]" started-at="2024-02-02T23:16:56 EET" name="visibleVerify" finished-at="2024-02-02T23:17:04 EET" duration-ms="8319" status="PASS">
          <reporter-output>
          </reporter-output>
        </test-method> <!-- visibleVerify -->
        <test-method signature="checkBrokenLinks()[pri:0, instance:testcases.tests.RegisterUser@607b2792]" started-at="2024-02-02T23:17:04 EET" name="checkBrokenLinks" finished-at="2024-02-02T23:17:10 EET" duration-ms="5757" status="PASS">
          <reporter-output>
          </reporter-output>
        </test-method> <!-- checkBrokenLinks -->
        <test-method signature="signUp()[pri:0, instance:testcases.tests.RegisterUser@607b2792]" started-at="2024-02-02T23:17:10 EET" name="signUp" finished-at="2024-02-02T23:17:15 EET" depends-on-methods="testcases.tests.RegisterUser.visibleVerify" duration-ms="4911" status="PASS">
          <reporter-output>
          </reporter-output>
        </test-method> <!-- signUp -->
      </class> <!-- testcases.tests.RegisterUser -->
      <class name="testcases.tests.Logout">
        <test-method signature="checkBrokenLinks()[pri:0, instance:testcases.tests.Logout@7f9e1534]" started-at="2024-02-02T23:17:15 EET" name="checkBrokenLinks" finished-at="2024-02-02T23:17:20 EET" duration-ms="4570" status="PASS">
          <reporter-output>
          </reporter-output>
        </test-method> <!-- checkBrokenLinks -->
        <test-method signature="logout()[pri:0, instance:testcases.tests.Logout@7f9e1534]" started-at="2024-02-02T23:17:20 EET" name="logout" finished-at="2024-02-02T23:17:20 EET" duration-ms="499" status="PASS">
          <reporter-output>
          </reporter-output>
        </test-method> <!-- logout -->
      </class> <!-- testcases.tests.Logout -->
      <class name="testcases.tests.LoginUser">
        <test-method signature="checkBrokenLinks()[pri:0, instance:testcases.tests.LoginUser@138a7441]" started-at="2024-02-02T23:17:20 EET" name="checkBrokenLinks" finished-at="2024-02-02T23:17:23 EET" duration-ms="3320" status="PASS">
          <reporter-output>
          </reporter-output>
        </test-method> <!-- checkBrokenLinks -->
        <test-method signature="loginUser(testcases.tests.LoginUser$LoginUserInfo)[pri:0, instance:testcases.tests.LoginUser@138a7441]" started-at="2024-02-02T23:17:23 EET" name="loginUser" data-provider="getUserData" finished-at="2024-02-02T23:17:29 EET" duration-ms="5179" status="PASS">
          <params>
            <param index="0">
              <value>
                <![CDATA[testcases.tests.LoginUser$LoginUserInfo@6428591a]]>
              </value>
            </param>
          </params>
          <reporter-output>
          </reporter-output>
        </test-method> <!-- loginUser -->
        <test-method signature="loginUser(testcases.tests.LoginUser$LoginUserInfo)[pri:0, instance:testcases.tests.LoginUser@138a7441]" started-at="2024-02-02T23:17:29 EET" name="loginUser" data-provider="getUserData" finished-at="2024-02-02T23:17:35 EET" duration-ms="6763" status="PASS">
          <params>
            <param index="0">
              <value>
                <![CDATA[testcases.tests.LoginUser$LoginUserInfo@28737371]]>
              </value>
            </param>
          </params>
          <reporter-output>
          </reporter-output>
        </test-method> <!-- loginUser -->
      </class> <!-- testcases.tests.LoginUser -->
    </test> <!-- UsersOperations -->
    <test started-at="2024-02-02T23:17:36 EET" name="UserDelete" finished-at="2024-02-02T23:17:41 EET" duration-ms="5109">
      <class name="testcases.tests.DeleteAccount">
        <test-method signature="checkBrokenLinks()[pri:0, instance:testcases.tests.DeleteAccount@602c4656]" started-at="2024-02-02T23:17:36 EET" name="checkBrokenLinks" finished-at="2024-02-02T23:17:39 EET" duration-ms="3699" status="PASS">
          <reporter-output>
          </reporter-output>
        </test-method> <!-- checkBrokenLinks -->
        <test-method signature="deleteAccount()[pri:0, instance:testcases.tests.DeleteAccount@602c4656]" started-at="2024-02-02T23:17:39 EET" name="deleteAccount" finished-at="2024-02-02T23:17:41 EET" duration-ms="1405" status="PASS">
          <reporter-output>
          </reporter-output>
        </test-method> <!-- deleteAccount -->
      </class> <!-- testcases.tests.DeleteAccount -->
    </test> <!-- UserDelete -->
    <test started-at="2024-02-02T23:17:41 EET" name="ProductAddCart" finished-at="2024-02-02T23:18:48 EET" duration-ms="66938">
      <class name="testcases.tests.ProductList">
        <test-method signature="checkBrokenLinks()[pri:0, instance:testcases.tests.ProductList@30b9eadd]" started-at="2024-02-02T23:17:41 EET" name="checkBrokenLinks" finished-at="2024-02-02T23:17:44 EET" duration-ms="3216" status="PASS">
          <reporter-output>
          </reporter-output>
        </test-method> <!-- checkBrokenLinks -->
        <test-method signature="viewBrandsProducts()[pri:0, instance:testcases.tests.ProductList@30b9eadd]" started-at="2024-02-02T23:17:44 EET" name="viewBrandsProducts" finished-at="2024-02-02T23:17:52 EET" duration-ms="7810" status="PASS">
          <reporter-output>
          </reporter-output>
        </test-method> <!-- viewBrandsProducts -->
        <test-method signature="viewCategoryProducts()[pri:0, instance:testcases.tests.ProductList@30b9eadd]" started-at="2024-02-02T23:17:52 EET" name="viewCategoryProducts" finished-at="2024-02-02T23:18:00 EET" duration-ms="8350" status="PASS">
          <reporter-output>
          </reporter-output>
        </test-method> <!-- viewCategoryProducts -->
        <test-method signature="viewProducts()[pri:0, instance:testcases.tests.ProductList@30b9eadd]" started-at="2024-02-02T23:18:00 EET" name="viewProducts" finished-at="2024-02-02T23:18:08 EET" duration-ms="7972" status="PASS">
          <reporter-output>
          </reporter-output>
        </test-method> <!-- viewProducts -->
      </class> <!-- testcases.tests.ProductList -->
      <class name="testcases.tests.ProductsInCart">
        <test-method signature="checkBrokenLinks()[pri:0, instance:testcases.tests.ProductsInCart@412c995d]" started-at="2024-02-02T23:18:21 EET" name="checkBrokenLinks" finished-at="2024-02-02T23:18:25 EET" duration-ms="3221" status="PASS">
          <reporter-output>
          </reporter-output>
        </test-method> <!-- checkBrokenLinks -->
        <test-method signature="addProducts()[pri:0, instance:testcases.tests.ProductsInCart@412c995d]" started-at="2024-02-02T23:18:25 EET" name="addProducts" finished-at="2024-02-02T23:18:36 EET" duration-ms="11692" status="PASS">
          <reporter-output>
          </reporter-output>
        </test-method> <!-- addProducts -->
        <test-method signature="addRecommendedProductsInCart()[pri:0, instance:testcases.tests.ProductsInCart@412c995d]" started-at="2024-02-02T23:18:36 EET" name="addRecommendedProductsInCart" finished-at="2024-02-02T23:18:46 EET" duration-ms="9735" status="PASS">
          <reporter-output>
          </reporter-output>
        </test-method> <!-- addRecommendedProductsInCart -->
        <test-method signature="removeProductsInCart()[pri:0, instance:testcases.tests.ProductsInCart@412c995d]" started-at="2024-02-02T23:18:46 EET" name="removeProductsInCart" finished-at="2024-02-02T23:18:48 EET" duration-ms="1709" status="PASS">
          <reporter-output>
          </reporter-output>
        </test-method> <!-- removeProductsInCart -->
      </class> <!-- testcases.tests.ProductsInCart -->
      <class name="testcases.tests.SearchProduct">
        <test-method signature="checkBrokenLinks()[pri:0, instance:testcases.tests.SearchProduct@497570fb]" started-at="2024-02-02T23:18:08 EET" name="checkBrokenLinks" finished-at="2024-02-02T23:18:12 EET" duration-ms="3894" status="PASS">
          <reporter-output>
          </reporter-output>
        </test-method> <!-- checkBrokenLinks -->
        <test-method signature="searchProduct()[pri:0, instance:testcases.tests.SearchProduct@497570fb]" started-at="2024-02-02T23:18:12 EET" name="searchProduct" finished-at="2024-02-02T23:18:21 EET" duration-ms="9325" status="PASS">
          <reporter-output>
          </reporter-output>
        </test-method> <!-- searchProduct -->
      </class> <!-- testcases.tests.SearchProduct -->
    </test> <!-- ProductAddCart -->
    <test started-at="2024-02-02T23:18:48 EET" name="PlaceOrder" finished-at="2024-02-02T23:19:37 EET" duration-ms="49282">
      <class name="testcases.tests.PlaceOrder">
        <test-method signature="checkBrokenLinks()[pri:0, instance:testcases.tests.PlaceOrder@deb3b60]" started-at="2024-02-02T23:18:48 EET" name="checkBrokenLinks" finished-at="2024-02-02T23:18:52 EET" duration-ms="4361" status="PASS">
          <reporter-output>
          </reporter-output>
        </test-method> <!-- checkBrokenLinks -->
        <test-method signature="registerWhileCheckout()[pri:0, instance:testcases.tests.PlaceOrder@deb3b60]" started-at="2024-02-02T23:18:52 EET" name="registerWhileCheckout" finished-at="2024-02-02T23:19:12 EET" duration-ms="19987" status="PASS">
          <reporter-output>
          </reporter-output>
        </test-method> <!-- registerWhileCheckout -->
        <test-method signature="loginWhileCheckout()[pri:0, instance:testcases.tests.PlaceOrder@deb3b60]" started-at="2024-02-02T23:19:12 EET" name="loginWhileCheckout" finished-at="2024-02-02T23:19:37 EET" depends-on-methods="testcases.tests.PlaceOrder.registerWhileCheckout" duration-ms="24930" status="PASS">
          <reporter-output>
          </reporter-output>
        </test-method> <!-- loginWhileCheckout -->
        <test-method is-config="true" signature="tearDown()[pri:0, instance:testcases.tests.PlaceOrder@deb3b60]" started-at="2024-02-02T23:19:37 EET" name="tearDown" finished-at="2024-02-02T23:19:37 EET" duration-ms="205" status="PASS">
          <reporter-output>
          </reporter-output>
        </test-method> <!-- tearDown -->
      </class> <!-- testcases.tests.PlaceOrder -->
    </test> <!-- PlaceOrder -->
  </suite> <!-- Tests -->
</testng-results>
